<?xml version="1.0" encoding="UTF-8"?>
<testsuite xmlns:xsi="http://www.w3.org/2001/XMLSchema-instance" xsi:noNamespaceSchemaLocation="https://maven.apache.org/surefire/maven-surefire-plugin/xsd/surefire-test-report.xsd" name="com.loga.intelligentservice.IntelligentServiceTests" time="7.872" tests="1" errors="0" skipped="0" failures="0">
  <properties>
    <property name="java.specification.version" value="19"/>
    <property name="sun.jnu.encoding" value="UTF-8"/>
    <property name="java.class.path" value="/home/rochdane/IdeaProjects/WORKSHOP/Project/TFE/intelligent-service/target/test-classes:/home/rochdane/IdeaProjects/WORKSHOP/Project/TFE/intelligent-service/target/classes:/home/rochdane/.m2/repository/org/springframework/cloud/spring-cloud-starter-config/4.0.2/spring-cloud-starter-config-4.0.2.jar:/home/rochdane/.m2/repository/org/springframework/cloud/spring-cloud-starter/4.0.2/spring-cloud-starter-4.0.2.jar:/home/rochdane/.m2/repository/org/springframework/cloud/spring-cloud-context/4.0.2/spring-cloud-context-4.0.2.jar:/home/rochdane/.m2/repository/org/springframework/security/spring-security-rsa/1.0.11.RELEASE/spring-security-rsa-1.0.11.RELEASE.jar:/home/rochdane/.m2/repository/org/bouncycastle/bcpkix-jdk15on/1.69/bcpkix-jdk15on-1.69.jar:/home/rochdane/.m2/repository/org/bouncycastle/bcprov-jdk15on/1.69/bcprov-jdk15on-1.69.jar:/home/rochdane/.m2/repository/org/bouncycastle/bcutil-jdk15on/1.69/bcutil-jdk15on-1.69.jar:/home/rochdane/.m2/repository/org/springframework/cloud/spring-cloud-config-client/4.0.2/spring-cloud-config-client-4.0.2.jar:/home/rochdane/.m2/repository/com/fasterxml/jackson/core/jackson-annotations/2.14.2/jackson-annotations-2.14.2.jar:/home/rochdane/.m2/repository/org/apache/httpcomponents/client5/httpclient5/5.1.4/httpclient5-5.1.4.jar:/home/rochdane/.m2/repository/org/apache/httpcomponents/core5/httpcore5/5.1.5/httpcore5-5.1.5.jar:/home/rochdane/.m2/repository/org/apache/httpcomponents/core5/httpcore5-h2/5.1.5/httpcore5-h2-5.1.5.jar:/home/rochdane/.m2/repository/com/fasterxml/jackson/core/jackson-databind/2.14.2/jackson-databind-2.14.2.jar:/home/rochdane/.m2/repository/org/springframework/cloud/spring-cloud-starter-openfeign/4.0.2/spring-cloud-starter-openfeign-4.0.2.jar:/home/rochdane/.m2/repository/org/springframework/cloud/spring-cloud-openfeign-core/4.0.2/spring-cloud-openfeign-core-4.0.2.jar:/home/rochdane/.m2/repository/org/springframework/boot/spring-boot-starter-aop/3.0.6/spring-boot-starter-aop-3.0.6.jar:/home/rochdane/.m2/repository/org/aspectj/aspectjweaver/1.9.19/aspectjweaver-1.9.19.jar:/home/rochdane/.m2/repository/io/github/openfeign/form/feign-form-spring/3.8.0/feign-form-spring-3.8.0.jar:/home/rochdane/.m2/repository/io/github/openfeign/form/feign-form/3.8.0/feign-form-3.8.0.jar:/home/rochdane/.m2/repository/commons-fileupload/commons-fileupload/1.4/commons-fileupload-1.4.jar:/home/rochdane/.m2/repository/org/springframework/spring-web/6.0.8/spring-web-6.0.8.jar:/home/rochdane/.m2/repository/org/springframework/spring-beans/6.0.8/spring-beans-6.0.8.jar:/home/rochdane/.m2/repository/org/springframework/cloud/spring-cloud-commons/4.0.2/spring-cloud-commons-4.0.2.jar:/home/rochdane/.m2/repository/org/springframework/security/spring-security-crypto/6.0.3/spring-security-crypto-6.0.3.jar:/home/rochdane/.m2/repository/io/github/openfeign/feign-core/12.1/feign-core-12.1.jar:/home/rochdane/.m2/repository/io/github/openfeign/feign-slf4j/12.1/feign-slf4j-12.1.jar:/home/rochdane/.m2/repository/org/springframework/cloud/spring-cloud-starter-netflix-eureka-client/4.0.1/spring-cloud-starter-netflix-eureka-client-4.0.1.jar:/home/rochdane/.m2/repository/org/springframework/cloud/spring-cloud-netflix-eureka-client/4.0.1/spring-cloud-netflix-eureka-client-4.0.1.jar:/home/rochdane/.m2/repository/com/netflix/eureka/eureka-client/2.0.0/eureka-client-2.0.0.jar:/home/rochdane/.m2/repository/com/netflix/netflix-commons/netflix-eventbus/0.3.0/netflix-eventbus-0.3.0.jar:/home/rochdane/.m2/repository/com/netflix/netflix-commons/netflix-infix/0.3.0/netflix-infix-0.3.0.jar:/home/rochdane/.m2/repository/commons-jxpath/commons-jxpath/1.3/commons-jxpath-1.3.jar:/home/rochdane/.m2/repository/joda-time/joda-time/2.3/joda-time-2.3.jar:/home/rochdane/.m2/repository/org/antlr/antlr-runtime/3.4/antlr-runtime-3.4.jar:/home/rochdane/.m2/repository/org/antlr/stringtemplate/3.2.1/stringtemplate-3.2.1.jar:/home/rochdane/.m2/repository/antlr/antlr/2.7.7/antlr-2.7.7.jar:/home/rochdane/.m2/repository/org/apache/commons/commons-math/2.2/commons-math-2.2.jar:/home/rochdane/.m2/repository/com/thoughtworks/xstream/xstream/1.4.19/xstream-1.4.19.jar:/home/rochdane/.m2/repository/io/github/x-stream/mxparser/1.2.2/mxparser-1.2.2.jar:/home/rochdane/.m2/repository/xmlpull/xmlpull/1.1.3.1/xmlpull-1.1.3.1.jar:/home/rochdane/.m2/repository/jakarta/ws/rs/jakarta.ws.rs-api/3.1.0/jakarta.ws.rs-api-3.1.0.jar:/home/rochdane/.m2/repository/jakarta/inject/jakarta.inject-api/2.0.1/jakarta.inject-api-2.0.1.jar:/home/rochdane/.m2/repository/jakarta/annotation/jakarta.annotation-api/2.1.1/jakarta.annotation-api-2.1.1.jar:/home/rochdane/.m2/repository/com/netflix/servo/servo-core/0.12.21/servo-core-0.12.21.jar:/home/rochdane/.m2/repository/com/google/guava/guava/19.0/guava-19.0.jar:/home/rochdane/.m2/repository/commons-configuration/commons-configuration/1.10/commons-configuration-1.10.jar:/home/rochdane/.m2/repository/commons-lang/commons-lang/2.6/commons-lang-2.6.jar:/home/rochdane/.m2/repository/org/codehaus/jettison/jettison/1.4.0/jettison-1.4.0.jar:/home/rochdane/.m2/repository/com/netflix/eureka/eureka-core/2.0.0/eureka-core-2.0.0.jar:/home/rochdane/.m2/repository/jakarta/servlet/jakarta.servlet-api/6.0.0/jakarta.servlet-api-6.0.0.jar:/home/rochdane/.m2/repository/com/fasterxml/woodstox/woodstox-core/6.2.1/woodstox-core-6.2.1.jar:/home/rochdane/.m2/repository/org/codehaus/woodstox/stax2-api/4.2.1/stax2-api-4.2.1.jar:/home/rochdane/.m2/repository/org/springframework/cloud/spring-cloud-starter-loadbalancer/4.0.2/spring-cloud-starter-loadbalancer-4.0.2.jar:/home/rochdane/.m2/repository/org/springframework/cloud/spring-cloud-loadbalancer/4.0.2/spring-cloud-loadbalancer-4.0.2.jar:/home/rochdane/.m2/repository/io/projectreactor/reactor-core/3.5.5/reactor-core-3.5.5.jar:/home/rochdane/.m2/repository/org/reactivestreams/reactive-streams/1.0.4/reactive-streams-1.0.4.jar:/home/rochdane/.m2/repository/io/projectreactor/addons/reactor-extra/3.5.1/reactor-extra-3.5.1.jar:/home/rochdane/.m2/repository/org/springframework/boot/spring-boot-starter-cache/3.0.6/spring-boot-starter-cache-3.0.6.jar:/home/rochdane/.m2/repository/org/springframework/spring-context-support/6.0.8/spring-context-support-6.0.8.jar:/home/rochdane/.m2/repository/com/stoyanr/evictor/1.0.0/evictor-1.0.0.jar:/home/rochdane/.m2/repository/org/springframework/boot/spring-boot-starter-actuator/3.0.6/spring-boot-starter-actuator-3.0.6.jar:/home/rochdane/.m2/repository/org/springframework/boot/spring-boot-starter/3.0.6/spring-boot-starter-3.0.6.jar:/home/rochdane/.m2/repository/org/springframework/boot/spring-boot-starter-logging/3.0.6/spring-boot-starter-logging-3.0.6.jar:/home/rochdane/.m2/repository/ch/qos/logback/logback-classic/1.4.7/logback-classic-1.4.7.jar:/home/rochdane/.m2/repository/ch/qos/logback/logback-core/1.4.7/logback-core-1.4.7.jar:/home/rochdane/.m2/repository/org/apache/logging/log4j/log4j-to-slf4j/2.19.0/log4j-to-slf4j-2.19.0.jar:/home/rochdane/.m2/repository/org/apache/logging/log4j/log4j-api/2.19.0/log4j-api-2.19.0.jar:/home/rochdane/.m2/repository/org/slf4j/jul-to-slf4j/2.0.7/jul-to-slf4j-2.0.7.jar:/home/rochdane/.m2/repository/org/yaml/snakeyaml/1.33/snakeyaml-1.33.jar:/home/rochdane/.m2/repository/org/springframework/boot/spring-boot-actuator-autoconfigure/3.0.6/spring-boot-actuator-autoconfigure-3.0.6.jar:/home/rochdane/.m2/repository/org/springframework/boot/spring-boot-actuator/3.0.6/spring-boot-actuator-3.0.6.jar:/home/rochdane/.m2/repository/com/fasterxml/jackson/datatype/jackson-datatype-jsr310/2.14.2/jackson-datatype-jsr310-2.14.2.jar:/home/rochdane/.m2/repository/io/micrometer/micrometer-core/1.10.6/micrometer-core-1.10.6.jar:/home/rochdane/.m2/repository/org/hdrhistogram/HdrHistogram/2.1.12/HdrHistogram-2.1.12.jar:/home/rochdane/.m2/repository/org/latencyutils/LatencyUtils/2.0.3/LatencyUtils-2.0.3.jar:/home/rochdane/.m2/repository/org/springframework/boot/spring-boot-starter-web/3.0.6/spring-boot-starter-web-3.0.6.jar:/home/rochdane/.m2/repository/org/springframework/boot/spring-boot-starter-json/3.0.6/spring-boot-starter-json-3.0.6.jar:/home/rochdane/.m2/repository/com/fasterxml/jackson/datatype/jackson-datatype-jdk8/2.14.2/jackson-datatype-jdk8-2.14.2.jar:/home/rochdane/.m2/repository/com/fasterxml/jackson/module/jackson-module-parameter-names/2.14.2/jackson-module-parameter-names-2.14.2.jar:/home/rochdane/.m2/repository/org/springframework/boot/spring-boot-starter-tomcat/3.0.6/spring-boot-starter-tomcat-3.0.6.jar:/home/rochdane/.m2/repository/org/apache/tomcat/embed/tomcat-embed-core/10.1.8/tomcat-embed-core-10.1.8.jar:/home/rochdane/.m2/repository/org/apache/tomcat/embed/tomcat-embed-el/10.1.8/tomcat-embed-el-10.1.8.jar:/home/rochdane/.m2/repository/org/apache/tomcat/embed/tomcat-embed-websocket/10.1.8/tomcat-embed-websocket-10.1.8.jar:/home/rochdane/.m2/repository/org/springframework/spring-webmvc/6.0.8/spring-webmvc-6.0.8.jar:/home/rochdane/.m2/repository/org/springframework/spring-aop/6.0.8/spring-aop-6.0.8.jar:/home/rochdane/.m2/repository/org/springframework/spring-context/6.0.8/spring-context-6.0.8.jar:/home/rochdane/.m2/repository/org/springframework/spring-expression/6.0.8/spring-expression-6.0.8.jar:/home/rochdane/.m2/repository/org/springframework/boot/spring-boot-devtools/3.0.6/spring-boot-devtools-3.0.6.jar:/home/rochdane/.m2/repository/org/springframework/boot/spring-boot/3.0.6/spring-boot-3.0.6.jar:/home/rochdane/.m2/repository/org/springframework/boot/spring-boot-autoconfigure/3.0.6/spring-boot-autoconfigure-3.0.6.jar:/home/rochdane/.m2/repository/org/projectlombok/lombok/1.18.26/lombok-1.18.26.jar:/home/rochdane/.m2/repository/org/springframework/boot/spring-boot-starter-test/3.0.6/spring-boot-starter-test-3.0.6.jar:/home/rochdane/.m2/repository/org/springframework/boot/spring-boot-test/3.0.6/spring-boot-test-3.0.6.jar:/home/rochdane/.m2/repository/org/springframework/boot/spring-boot-test-autoconfigure/3.0.6/spring-boot-test-autoconfigure-3.0.6.jar:/home/rochdane/.m2/repository/com/jayway/jsonpath/json-path/2.7.0/json-path-2.7.0.jar:/home/rochdane/.m2/repository/net/minidev/json-smart/2.4.10/json-smart-2.4.10.jar:/home/rochdane/.m2/repository/net/minidev/accessors-smart/2.4.9/accessors-smart-2.4.9.jar:/home/rochdane/.m2/repository/org/ow2/asm/asm/9.3/asm-9.3.jar:/home/rochdane/.m2/repository/jakarta/xml/bind/jakarta.xml.bind-api/4.0.0/jakarta.xml.bind-api-4.0.0.jar:/home/rochdane/.m2/repository/jakarta/activation/jakarta.activation-api/2.1.1/jakarta.activation-api-2.1.1.jar:/home/rochdane/.m2/repository/org/assertj/assertj-core/3.23.1/assertj-core-3.23.1.jar:/home/rochdane/.m2/repository/net/bytebuddy/byte-buddy/1.12.23/byte-buddy-1.12.23.jar:/home/rochdane/.m2/repository/org/hamcrest/hamcrest/2.2/hamcrest-2.2.jar:/home/rochdane/.m2/repository/org/junit/jupiter/junit-jupiter/5.9.2/junit-jupiter-5.9.2.jar:/home/rochdane/.m2/repository/org/junit/jupiter/junit-jupiter-api/5.9.2/junit-jupiter-api-5.9.2.jar:/home/rochdane/.m2/repository/org/opentest4j/opentest4j/1.2.0/opentest4j-1.2.0.jar:/home/rochdane/.m2/repository/org/junit/platform/junit-platform-commons/1.9.2/junit-platform-commons-1.9.2.jar:/home/rochdane/.m2/repository/org/apiguardian/apiguardian-api/1.1.2/apiguardian-api-1.1.2.jar:/home/rochdane/.m2/repository/org/junit/jupiter/junit-jupiter-params/5.9.2/junit-jupiter-params-5.9.2.jar:/home/rochdane/.m2/repository/org/junit/jupiter/junit-jupiter-engine/5.9.2/junit-jupiter-engine-5.9.2.jar:/home/rochdane/.m2/repository/org/junit/platform/junit-platform-engine/1.9.2/junit-platform-engine-1.9.2.jar:/home/rochdane/.m2/repository/org/mockito/mockito-core/4.8.1/mockito-core-4.8.1.jar:/home/rochdane/.m2/repository/net/bytebuddy/byte-buddy-agent/1.12.23/byte-buddy-agent-1.12.23.jar:/home/rochdane/.m2/repository/org/objenesis/objenesis/3.2/objenesis-3.2.jar:/home/rochdane/.m2/repository/org/mockito/mockito-junit-jupiter/4.8.1/mockito-junit-jupiter-4.8.1.jar:/home/rochdane/.m2/repository/org/skyscreamer/jsonassert/1.5.1/jsonassert-1.5.1.jar:/home/rochdane/.m2/repository/com/vaadin/external/google/android-json/0.0.20131108.vaadin1/android-json-0.0.20131108.vaadin1.jar:/home/rochdane/.m2/repository/org/springframework/spring-core/6.0.8/spring-core-6.0.8.jar:/home/rochdane/.m2/repository/org/springframework/spring-jcl/6.0.8/spring-jcl-6.0.8.jar:/home/rochdane/.m2/repository/org/springframework/spring-test/6.0.8/spring-test-6.0.8.jar:/home/rochdane/.m2/repository/org/xmlunit/xmlunit-core/2.9.1/xmlunit-core-2.9.1.jar:/home/rochdane/.m2/repository/org/springframework/boot/spring-boot-starter-amqp/3.0.6/spring-boot-starter-amqp-3.0.6.jar:/home/rochdane/.m2/repository/org/springframework/spring-messaging/6.0.8/spring-messaging-6.0.8.jar:/home/rochdane/.m2/repository/org/springframework/amqp/spring-rabbit/3.0.4/spring-rabbit-3.0.4.jar:/home/rochdane/.m2/repository/org/springframework/amqp/spring-amqp/3.0.4/spring-amqp-3.0.4.jar:/home/rochdane/.m2/repository/org/springframework/retry/spring-retry/2.0.1/spring-retry-2.0.1.jar:/home/rochdane/.m2/repository/com/rabbitmq/amqp-client/5.16.0/amqp-client-5.16.0.jar:/home/rochdane/.m2/repository/org/springframework/spring-tx/6.0.8/spring-tx-6.0.8.jar:/home/rochdane/.m2/repository/io/micrometer/micrometer-observation/1.10.6/micrometer-observation-1.10.6.jar:/home/rochdane/.m2/repository/io/micrometer/micrometer-commons/1.10.6/micrometer-commons-1.10.6.jar:/home/rochdane/.m2/repository/io/micrometer/micrometer-tracing-bridge-otel/1.0.4/micrometer-tracing-bridge-otel-1.0.4.jar:/home/rochdane/.m2/repository/io/micrometer/micrometer-tracing/1.0.4/micrometer-tracing-1.0.4.jar:/home/rochdane/.m2/repository/io/micrometer/context-propagation/1.0.2/context-propagation-1.0.2.jar:/home/rochdane/.m2/repository/aopalliance/aopalliance/1.0/aopalliance-1.0.jar:/home/rochdane/.m2/repository/org/slf4j/slf4j-api/2.0.7/slf4j-api-2.0.7.jar:/home/rochdane/.m2/repository/io/opentelemetry/opentelemetry-api/1.19.0/opentelemetry-api-1.19.0.jar:/home/rochdane/.m2/repository/io/opentelemetry/opentelemetry-context/1.19.0/opentelemetry-context-1.19.0.jar:/home/rochdane/.m2/repository/io/opentelemetry/opentelemetry-extension-aws/1.19.0/opentelemetry-extension-aws-1.19.0.jar:/home/rochdane/.m2/repository/io/opentelemetry/opentelemetry-semconv/1.19.0-alpha/opentelemetry-semconv-1.19.0-alpha.jar:/home/rochdane/.m2/repository/io/opentelemetry/opentelemetry-sdk-common/1.19.0/opentelemetry-sdk-common-1.19.0.jar:/home/rochdane/.m2/repository/io/opentelemetry/opentelemetry-sdk-trace/1.19.0/opentelemetry-sdk-trace-1.19.0.jar:/home/rochdane/.m2/repository/io/opentelemetry/opentelemetry-sdk/1.19.0/opentelemetry-sdk-1.19.0.jar:/home/rochdane/.m2/repository/io/opentelemetry/opentelemetry-sdk-metrics/1.19.0/opentelemetry-sdk-metrics-1.19.0.jar:/home/rochdane/.m2/repository/io/opentelemetry/opentelemetry-sdk-logs/1.19.0-alpha/opentelemetry-sdk-logs-1.19.0-alpha.jar:/home/rochdane/.m2/repository/io/opentelemetry/opentelemetry-api-logs/1.19.0-alpha/opentelemetry-api-logs-1.19.0-alpha.jar:/home/rochdane/.m2/repository/io/opentelemetry/instrumentation/opentelemetry-instrumentation-api-semconv/1.19.2-alpha/opentelemetry-instrumentation-api-semconv-1.19.2-alpha.jar:/home/rochdane/.m2/repository/io/opentelemetry/instrumentation/opentelemetry-instrumentation-api/1.19.2/opentelemetry-instrumentation-api-1.19.2.jar:/home/rochdane/.m2/repository/io/opentelemetry/opentelemetry-extension-trace-propagators/1.19.0/opentelemetry-extension-trace-propagators-1.19.0.jar:/home/rochdane/.m2/repository/io/opentelemetry/opentelemetry-exporter-zipkin/1.19.0/opentelemetry-exporter-zipkin-1.19.0.jar:/home/rochdane/.m2/repository/io/zipkin/reporter2/zipkin-reporter/2.16.3/zipkin-reporter-2.16.3.jar:/home/rochdane/.m2/repository/io/zipkin/zipkin2/zipkin/2.23.2/zipkin-2.23.2.jar:/home/rochdane/.m2/repository/io/opentelemetry/opentelemetry-exporter-common/1.19.0/opentelemetry-exporter-common-1.19.0.jar:/home/rochdane/.m2/repository/io/zipkin/reporter2/zipkin-sender-okhttp3/2.16.3/zipkin-sender-okhttp3-2.16.3.jar:/home/rochdane/.m2/repository/com/squareup/okhttp3/okhttp/4.10.0/okhttp-4.10.0.jar:/home/rochdane/.m2/repository/com/squareup/okio/okio-jvm/3.0.0/okio-jvm-3.0.0.jar:/home/rochdane/.m2/repository/org/jetbrains/kotlin/kotlin-stdlib-jdk8/1.7.22/kotlin-stdlib-jdk8-1.7.22.jar:/home/rochdane/.m2/repository/org/jetbrains/kotlin/kotlin-stdlib-jdk7/1.7.22/kotlin-stdlib-jdk7-1.7.22.jar:/home/rochdane/.m2/repository/org/jetbrains/kotlin/kotlin-stdlib-common/1.7.22/kotlin-stdlib-common-1.7.22.jar:/home/rochdane/.m2/repository/org/jetbrains/kotlin/kotlin-stdlib/1.7.22/kotlin-stdlib-1.7.22.jar:/home/rochdane/.m2/repository/org/jetbrains/annotations/13.0/annotations-13.0.jar:/home/rochdane/.m2/repository/org/apache/jena/jena-core/4.7.0/jena-core-4.7.0.jar:/home/rochdane/.m2/repository/org/apache/jena/jena-base/4.7.0/jena-base-4.7.0.jar:/home/rochdane/.m2/repository/org/apache/jena/jena-shaded-guava/4.7.0/jena-shaded-guava-4.7.0.jar:/home/rochdane/.m2/repository/org/apache/commons/commons-csv/1.9.0/commons-csv-1.9.0.jar:/home/rochdane/.m2/repository/commons-io/commons-io/2.11.0/commons-io-2.11.0.jar:/home/rochdane/.m2/repository/commons-codec/commons-codec/1.15/commons-codec-1.15.jar:/home/rochdane/.m2/repository/org/apache/commons/commons-compress/1.22/commons-compress-1.22.jar:/home/rochdane/.m2/repository/com/github/andrewoma/dexx/collection/0.7/collection-0.7.jar:/home/rochdane/.m2/repository/org/apache/jena/jena-iri/4.7.0/jena-iri-4.7.0.jar:/home/rochdane/.m2/repository/commons-cli/commons-cli/1.5.0/commons-cli-1.5.0.jar:/home/rochdane/.m2/repository/org/apache/jena/jena-arq/4.7.0/jena-arq-4.7.0.jar:/home/rochdane/.m2/repository/com/github/jsonld-java/jsonld-java/0.13.4/jsonld-java-0.13.4.jar:/home/rochdane/.m2/repository/com/google/code/gson/gson/2.9.1/gson-2.9.1.jar:/home/rochdane/.m2/repository/org/apache/httpcomponents/httpclient-cache/4.5.14/httpclient-cache-4.5.14.jar:/home/rochdane/.m2/repository/org/apache/httpcomponents/httpclient/4.5.14/httpclient-4.5.14.jar:/home/rochdane/.m2/repository/org/apache/httpcomponents/httpcore/4.4.16/httpcore-4.4.16.jar:/home/rochdane/.m2/repository/org/slf4j/jcl-over-slf4j/2.0.7/jcl-over-slf4j-2.0.7.jar:/home/rochdane/.m2/repository/com/fasterxml/jackson/core/jackson-core/2.14.2/jackson-core-2.14.2.jar:/home/rochdane/.m2/repository/com/apicatalog/titanium-json-ld/1.3.1/titanium-json-ld-1.3.1.jar:/home/rochdane/.m2/repository/org/glassfish/jakarta.json/2.0.1/jakarta.json-2.0.1.jar:/home/rochdane/.m2/repository/com/google/protobuf/protobuf-java/3.21.10/protobuf-java-3.21.10.jar:/home/rochdane/.m2/repository/org/apache/thrift/libthrift/0.17.0/libthrift-0.17.0.jar:/home/rochdane/.m2/repository/org/apache/commons/commons-lang3/3.12.0/commons-lang3-3.12.0.jar:"/>
    <property name="java.vm.vendor" value="Oracle Corporation"/>
    <property name="sun.arch.data.model" value="64"/>
    <property name="java.vendor.url" value="https://java.oracle.com/"/>
    <property name="os.name" value="Linux"/>
    <property name="java.vm.specification.version" value="19"/>
    <property name="sun.java.launcher" value="SUN_STANDARD"/>
    <property name="user.country" value="FR"/>
    <property name="sun.boot.library.path" value="/home/rochdane/.jdks/openjdk-19.0.1/lib"/>
    <property name="sun.java.command" value="/home/rochdane/IdeaProjects/WORKSHOP/Project/TFE/intelligent-service/target/surefire/surefirebooter16292219978199616312.jar /home/rochdane/IdeaProjects/WORKSHOP/Project/TFE/intelligent-service/target/surefire 2023-07-30T00-49-27_761-jvmRun1 surefire15249056950221949225tmp surefire_04830230066348674361tmp"/>
    <property name="jdk.debug" value="release"/>
    <property name="surefire.test.class.path" value="/home/rochdane/IdeaProjects/WORKSHOP/Project/TFE/intelligent-service/target/test-classes:/home/rochdane/IdeaProjects/WORKSHOP/Project/TFE/intelligent-service/target/classes:/home/rochdane/.m2/repository/org/springframework/cloud/spring-cloud-starter-config/4.0.2/spring-cloud-starter-config-4.0.2.jar:/home/rochdane/.m2/repository/org/springframework/cloud/spring-cloud-starter/4.0.2/spring-cloud-starter-4.0.2.jar:/home/rochdane/.m2/repository/org/springframework/cloud/spring-cloud-context/4.0.2/spring-cloud-context-4.0.2.jar:/home/rochdane/.m2/repository/org/springframework/security/spring-security-rsa/1.0.11.RELEASE/spring-security-rsa-1.0.11.RELEASE.jar:/home/rochdane/.m2/repository/org/bouncycastle/bcpkix-jdk15on/1.69/bcpkix-jdk15on-1.69.jar:/home/rochdane/.m2/repository/org/bouncycastle/bcprov-jdk15on/1.69/bcprov-jdk15on-1.69.jar:/home/rochdane/.m2/repository/org/bouncycastle/bcutil-jdk15on/1.69/bcutil-jdk15on-1.69.jar:/home/rochdane/.m2/repository/org/springframework/cloud/spring-cloud-config-client/4.0.2/spring-cloud-config-client-4.0.2.jar:/home/rochdane/.m2/repository/com/fasterxml/jackson/core/jackson-annotations/2.14.2/jackson-annotations-2.14.2.jar:/home/rochdane/.m2/repository/org/apache/httpcomponents/client5/httpclient5/5.1.4/httpclient5-5.1.4.jar:/home/rochdane/.m2/repository/org/apache/httpcomponents/core5/httpcore5/5.1.5/httpcore5-5.1.5.jar:/home/rochdane/.m2/repository/org/apache/httpcomponents/core5/httpcore5-h2/5.1.5/httpcore5-h2-5.1.5.jar:/home/rochdane/.m2/repository/com/fasterxml/jackson/core/jackson-databind/2.14.2/jackson-databind-2.14.2.jar:/home/rochdane/.m2/repository/org/springframework/cloud/spring-cloud-starter-openfeign/4.0.2/spring-cloud-starter-openfeign-4.0.2.jar:/home/rochdane/.m2/repository/org/springframework/cloud/spring-cloud-openfeign-core/4.0.2/spring-cloud-openfeign-core-4.0.2.jar:/home/rochdane/.m2/repository/org/springframework/boot/spring-boot-starter-aop/3.0.6/spring-boot-starter-aop-3.0.6.jar:/home/rochdane/.m2/repository/org/aspectj/aspectjweaver/1.9.19/aspectjweaver-1.9.19.jar:/home/rochdane/.m2/repository/io/github/openfeign/form/feign-form-spring/3.8.0/feign-form-spring-3.8.0.jar:/home/rochdane/.m2/repository/io/github/openfeign/form/feign-form/3.8.0/feign-form-3.8.0.jar:/home/rochdane/.m2/repository/commons-fileupload/commons-fileupload/1.4/commons-fileupload-1.4.jar:/home/rochdane/.m2/repository/org/springframework/spring-web/6.0.8/spring-web-6.0.8.jar:/home/rochdane/.m2/repository/org/springframework/spring-beans/6.0.8/spring-beans-6.0.8.jar:/home/rochdane/.m2/repository/org/springframework/cloud/spring-cloud-commons/4.0.2/spring-cloud-commons-4.0.2.jar:/home/rochdane/.m2/repository/org/springframework/security/spring-security-crypto/6.0.3/spring-security-crypto-6.0.3.jar:/home/rochdane/.m2/repository/io/github/openfeign/feign-core/12.1/feign-core-12.1.jar:/home/rochdane/.m2/repository/io/github/openfeign/feign-slf4j/12.1/feign-slf4j-12.1.jar:/home/rochdane/.m2/repository/org/springframework/cloud/spring-cloud-starter-netflix-eureka-client/4.0.1/spring-cloud-starter-netflix-eureka-client-4.0.1.jar:/home/rochdane/.m2/repository/org/springframework/cloud/spring-cloud-netflix-eureka-client/4.0.1/spring-cloud-netflix-eureka-client-4.0.1.jar:/home/rochdane/.m2/repository/com/netflix/eureka/eureka-client/2.0.0/eureka-client-2.0.0.jar:/home/rochdane/.m2/repository/com/netflix/netflix-commons/netflix-eventbus/0.3.0/netflix-eventbus-0.3.0.jar:/home/rochdane/.m2/repository/com/netflix/netflix-commons/netflix-infix/0.3.0/netflix-infix-0.3.0.jar:/home/rochdane/.m2/repository/commons-jxpath/commons-jxpath/1.3/commons-jxpath-1.3.jar:/home/rochdane/.m2/repository/joda-time/joda-time/2.3/joda-time-2.3.jar:/home/rochdane/.m2/repository/org/antlr/antlr-runtime/3.4/antlr-runtime-3.4.jar:/home/rochdane/.m2/repository/org/antlr/stringtemplate/3.2.1/stringtemplate-3.2.1.jar:/home/rochdane/.m2/repository/antlr/antlr/2.7.7/antlr-2.7.7.jar:/home/rochdane/.m2/repository/org/apache/commons/commons-math/2.2/commons-math-2.2.jar:/home/rochdane/.m2/repository/com/thoughtworks/xstream/xstream/1.4.19/xstream-1.4.19.jar:/home/rochdane/.m2/repository/io/github/x-stream/mxparser/1.2.2/mxparser-1.2.2.jar:/home/rochdane/.m2/repository/xmlpull/xmlpull/1.1.3.1/xmlpull-1.1.3.1.jar:/home/rochdane/.m2/repository/jakarta/ws/rs/jakarta.ws.rs-api/3.1.0/jakarta.ws.rs-api-3.1.0.jar:/home/rochdane/.m2/repository/jakarta/inject/jakarta.inject-api/2.0.1/jakarta.inject-api-2.0.1.jar:/home/rochdane/.m2/repository/jakarta/annotation/jakarta.annotation-api/2.1.1/jakarta.annotation-api-2.1.1.jar:/home/rochdane/.m2/repository/com/netflix/servo/servo-core/0.12.21/servo-core-0.12.21.jar:/home/rochdane/.m2/repository/com/google/guava/guava/19.0/guava-19.0.jar:/home/rochdane/.m2/repository/commons-configuration/commons-configuration/1.10/commons-configuration-1.10.jar:/home/rochdane/.m2/repository/commons-lang/commons-lang/2.6/commons-lang-2.6.jar:/home/rochdane/.m2/repository/org/codehaus/jettison/jettison/1.4.0/jettison-1.4.0.jar:/home/rochdane/.m2/repository/com/netflix/eureka/eureka-core/2.0.0/eureka-core-2.0.0.jar:/home/rochdane/.m2/repository/jakarta/servlet/jakarta.servlet-api/6.0.0/jakarta.servlet-api-6.0.0.jar:/home/rochdane/.m2/repository/com/fasterxml/woodstox/woodstox-core/6.2.1/woodstox-core-6.2.1.jar:/home/rochdane/.m2/repository/org/codehaus/woodstox/stax2-api/4.2.1/stax2-api-4.2.1.jar:/home/rochdane/.m2/repository/org/springframework/cloud/spring-cloud-starter-loadbalancer/4.0.2/spring-cloud-starter-loadbalancer-4.0.2.jar:/home/rochdane/.m2/repository/org/springframework/cloud/spring-cloud-loadbalancer/4.0.2/spring-cloud-loadbalancer-4.0.2.jar:/home/rochdane/.m2/repository/io/projectreactor/reactor-core/3.5.5/reactor-core-3.5.5.jar:/home/rochdane/.m2/repository/org/reactivestreams/reactive-streams/1.0.4/reactive-streams-1.0.4.jar:/home/rochdane/.m2/repository/io/projectreactor/addons/reactor-extra/3.5.1/reactor-extra-3.5.1.jar:/home/rochdane/.m2/repository/org/springframework/boot/spring-boot-starter-cache/3.0.6/spring-boot-starter-cache-3.0.6.jar:/home/rochdane/.m2/repository/org/springframework/spring-context-support/6.0.8/spring-context-support-6.0.8.jar:/home/rochdane/.m2/repository/com/stoyanr/evictor/1.0.0/evictor-1.0.0.jar:/home/rochdane/.m2/repository/org/springframework/boot/spring-boot-starter-actuator/3.0.6/spring-boot-starter-actuator-3.0.6.jar:/home/rochdane/.m2/repository/org/springframework/boot/spring-boot-starter/3.0.6/spring-boot-starter-3.0.6.jar:/home/rochdane/.m2/repository/org/springframework/boot/spring-boot-starter-logging/3.0.6/spring-boot-starter-logging-3.0.6.jar:/home/rochdane/.m2/repository/ch/qos/logback/logback-classic/1.4.7/logback-classic-1.4.7.jar:/home/rochdane/.m2/repository/ch/qos/logback/logback-core/1.4.7/logback-core-1.4.7.jar:/home/rochdane/.m2/repository/org/apache/logging/log4j/log4j-to-slf4j/2.19.0/log4j-to-slf4j-2.19.0.jar:/home/rochdane/.m2/repository/org/apache/logging/log4j/log4j-api/2.19.0/log4j-api-2.19.0.jar:/home/rochdane/.m2/repository/org/slf4j/jul-to-slf4j/2.0.7/jul-to-slf4j-2.0.7.jar:/home/rochdane/.m2/repository/org/yaml/snakeyaml/1.33/snakeyaml-1.33.jar:/home/rochdane/.m2/repository/org/springframework/boot/spring-boot-actuator-autoconfigure/3.0.6/spring-boot-actuator-autoconfigure-3.0.6.jar:/home/rochdane/.m2/repository/org/springframework/boot/spring-boot-actuator/3.0.6/spring-boot-actuator-3.0.6.jar:/home/rochdane/.m2/repository/com/fasterxml/jackson/datatype/jackson-datatype-jsr310/2.14.2/jackson-datatype-jsr310-2.14.2.jar:/home/rochdane/.m2/repository/io/micrometer/micrometer-core/1.10.6/micrometer-core-1.10.6.jar:/home/rochdane/.m2/repository/org/hdrhistogram/HdrHistogram/2.1.12/HdrHistogram-2.1.12.jar:/home/rochdane/.m2/repository/org/latencyutils/LatencyUtils/2.0.3/LatencyUtils-2.0.3.jar:/home/rochdane/.m2/repository/org/springframework/boot/spring-boot-starter-web/3.0.6/spring-boot-starter-web-3.0.6.jar:/home/rochdane/.m2/repository/org/springframework/boot/spring-boot-starter-json/3.0.6/spring-boot-starter-json-3.0.6.jar:/home/rochdane/.m2/repository/com/fasterxml/jackson/datatype/jackson-datatype-jdk8/2.14.2/jackson-datatype-jdk8-2.14.2.jar:/home/rochdane/.m2/repository/com/fasterxml/jackson/module/jackson-module-parameter-names/2.14.2/jackson-module-parameter-names-2.14.2.jar:/home/rochdane/.m2/repository/org/springframework/boot/spring-boot-starter-tomcat/3.0.6/spring-boot-starter-tomcat-3.0.6.jar:/home/rochdane/.m2/repository/org/apache/tomcat/embed/tomcat-embed-core/10.1.8/tomcat-embed-core-10.1.8.jar:/home/rochdane/.m2/repository/org/apache/tomcat/embed/tomcat-embed-el/10.1.8/tomcat-embed-el-10.1.8.jar:/home/rochdane/.m2/repository/org/apache/tomcat/embed/tomcat-embed-websocket/10.1.8/tomcat-embed-websocket-10.1.8.jar:/home/rochdane/.m2/repository/org/springframework/spring-webmvc/6.0.8/spring-webmvc-6.0.8.jar:/home/rochdane/.m2/repository/org/springframework/spring-aop/6.0.8/spring-aop-6.0.8.jar:/home/rochdane/.m2/repository/org/springframework/spring-context/6.0.8/spring-context-6.0.8.jar:/home/rochdane/.m2/repository/org/springframework/spring-expression/6.0.8/spring-expression-6.0.8.jar:/home/rochdane/.m2/repository/org/springframework/boot/spring-boot-devtools/3.0.6/spring-boot-devtools-3.0.6.jar:/home/rochdane/.m2/repository/org/springframework/boot/spring-boot/3.0.6/spring-boot-3.0.6.jar:/home/rochdane/.m2/repository/org/springframework/boot/spring-boot-autoconfigure/3.0.6/spring-boot-autoconfigure-3.0.6.jar:/home/rochdane/.m2/repository/org/projectlombok/lombok/1.18.26/lombok-1.18.26.jar:/home/rochdane/.m2/repository/org/springframework/boot/spring-boot-starter-test/3.0.6/spring-boot-starter-test-3.0.6.jar:/home/rochdane/.m2/repository/org/springframework/boot/spring-boot-test/3.0.6/spring-boot-test-3.0.6.jar:/home/rochdane/.m2/repository/org/springframework/boot/spring-boot-test-autoconfigure/3.0.6/spring-boot-test-autoconfigure-3.0.6.jar:/home/rochdane/.m2/repository/com/jayway/jsonpath/json-path/2.7.0/json-path-2.7.0.jar:/home/rochdane/.m2/repository/net/minidev/json-smart/2.4.10/json-smart-2.4.10.jar:/home/rochdane/.m2/repository/net/minidev/accessors-smart/2.4.9/accessors-smart-2.4.9.jar:/home/rochdane/.m2/repository/org/ow2/asm/asm/9.3/asm-9.3.jar:/home/rochdane/.m2/repository/jakarta/xml/bind/jakarta.xml.bind-api/4.0.0/jakarta.xml.bind-api-4.0.0.jar:/home/rochdane/.m2/repository/jakarta/activation/jakarta.activation-api/2.1.1/jakarta.activation-api-2.1.1.jar:/home/rochdane/.m2/repository/org/assertj/assertj-core/3.23.1/assertj-core-3.23.1.jar:/home/rochdane/.m2/repository/net/bytebuddy/byte-buddy/1.12.23/byte-buddy-1.12.23.jar:/home/rochdane/.m2/repository/org/hamcrest/hamcrest/2.2/hamcrest-2.2.jar:/home/rochdane/.m2/repository/org/junit/jupiter/junit-jupiter/5.9.2/junit-jupiter-5.9.2.jar:/home/rochdane/.m2/repository/org/junit/jupiter/junit-jupiter-api/5.9.2/junit-jupiter-api-5.9.2.jar:/home/rochdane/.m2/repository/org/opentest4j/opentest4j/1.2.0/opentest4j-1.2.0.jar:/home/rochdane/.m2/repository/org/junit/platform/junit-platform-commons/1.9.2/junit-platform-commons-1.9.2.jar:/home/rochdane/.m2/repository/org/apiguardian/apiguardian-api/1.1.2/apiguardian-api-1.1.2.jar:/home/rochdane/.m2/repository/org/junit/jupiter/junit-jupiter-params/5.9.2/junit-jupiter-params-5.9.2.jar:/home/rochdane/.m2/repository/org/junit/jupiter/junit-jupiter-engine/5.9.2/junit-jupiter-engine-5.9.2.jar:/home/rochdane/.m2/repository/org/junit/platform/junit-platform-engine/1.9.2/junit-platform-engine-1.9.2.jar:/home/rochdane/.m2/repository/org/mockito/mockito-core/4.8.1/mockito-core-4.8.1.jar:/home/rochdane/.m2/repository/net/bytebuddy/byte-buddy-agent/1.12.23/byte-buddy-agent-1.12.23.jar:/home/rochdane/.m2/repository/org/objenesis/objenesis/3.2/objenesis-3.2.jar:/home/rochdane/.m2/repository/org/mockito/mockito-junit-jupiter/4.8.1/mockito-junit-jupiter-4.8.1.jar:/home/rochdane/.m2/repository/org/skyscreamer/jsonassert/1.5.1/jsonassert-1.5.1.jar:/home/rochdane/.m2/repository/com/vaadin/external/google/android-json/0.0.20131108.vaadin1/android-json-0.0.20131108.vaadin1.jar:/home/rochdane/.m2/repository/org/springframework/spring-core/6.0.8/spring-core-6.0.8.jar:/home/rochdane/.m2/repository/org/springframework/spring-jcl/6.0.8/spring-jcl-6.0.8.jar:/home/rochdane/.m2/repository/org/springframework/spring-test/6.0.8/spring-test-6.0.8.jar:/home/rochdane/.m2/repository/org/xmlunit/xmlunit-core/2.9.1/xmlunit-core-2.9.1.jar:/home/rochdane/.m2/repository/org/springframework/boot/spring-boot-starter-amqp/3.0.6/spring-boot-starter-amqp-3.0.6.jar:/home/rochdane/.m2/repository/org/springframework/spring-messaging/6.0.8/spring-messaging-6.0.8.jar:/home/rochdane/.m2/repository/org/springframework/amqp/spring-rabbit/3.0.4/spring-rabbit-3.0.4.jar:/home/rochdane/.m2/repository/org/springframework/amqp/spring-amqp/3.0.4/spring-amqp-3.0.4.jar:/home/rochdane/.m2/repository/org/springframework/retry/spring-retry/2.0.1/spring-retry-2.0.1.jar:/home/rochdane/.m2/repository/com/rabbitmq/amqp-client/5.16.0/amqp-client-5.16.0.jar:/home/rochdane/.m2/repository/org/springframework/spring-tx/6.0.8/spring-tx-6.0.8.jar:/home/rochdane/.m2/repository/io/micrometer/micrometer-observation/1.10.6/micrometer-observation-1.10.6.jar:/home/rochdane/.m2/repository/io/micrometer/micrometer-commons/1.10.6/micrometer-commons-1.10.6.jar:/home/rochdane/.m2/repository/io/micrometer/micrometer-tracing-bridge-otel/1.0.4/micrometer-tracing-bridge-otel-1.0.4.jar:/home/rochdane/.m2/repository/io/micrometer/micrometer-tracing/1.0.4/micrometer-tracing-1.0.4.jar:/home/rochdane/.m2/repository/io/micrometer/context-propagation/1.0.2/context-propagation-1.0.2.jar:/home/rochdane/.m2/repository/aopalliance/aopalliance/1.0/aopalliance-1.0.jar:/home/rochdane/.m2/repository/org/slf4j/slf4j-api/2.0.7/slf4j-api-2.0.7.jar:/home/rochdane/.m2/repository/io/opentelemetry/opentelemetry-api/1.19.0/opentelemetry-api-1.19.0.jar:/home/rochdane/.m2/repository/io/opentelemetry/opentelemetry-context/1.19.0/opentelemetry-context-1.19.0.jar:/home/rochdane/.m2/repository/io/opentelemetry/opentelemetry-extension-aws/1.19.0/opentelemetry-extension-aws-1.19.0.jar:/home/rochdane/.m2/repository/io/opentelemetry/opentelemetry-semconv/1.19.0-alpha/opentelemetry-semconv-1.19.0-alpha.jar:/home/rochdane/.m2/repository/io/opentelemetry/opentelemetry-sdk-common/1.19.0/opentelemetry-sdk-common-1.19.0.jar:/home/rochdane/.m2/repository/io/opentelemetry/opentelemetry-sdk-trace/1.19.0/opentelemetry-sdk-trace-1.19.0.jar:/home/rochdane/.m2/repository/io/opentelemetry/opentelemetry-sdk/1.19.0/opentelemetry-sdk-1.19.0.jar:/home/rochdane/.m2/repository/io/opentelemetry/opentelemetry-sdk-metrics/1.19.0/opentelemetry-sdk-metrics-1.19.0.jar:/home/rochdane/.m2/repository/io/opentelemetry/opentelemetry-sdk-logs/1.19.0-alpha/opentelemetry-sdk-logs-1.19.0-alpha.jar:/home/rochdane/.m2/repository/io/opentelemetry/opentelemetry-api-logs/1.19.0-alpha/opentelemetry-api-logs-1.19.0-alpha.jar:/home/rochdane/.m2/repository/io/opentelemetry/instrumentation/opentelemetry-instrumentation-api-semconv/1.19.2-alpha/opentelemetry-instrumentation-api-semconv-1.19.2-alpha.jar:/home/rochdane/.m2/repository/io/opentelemetry/instrumentation/opentelemetry-instrumentation-api/1.19.2/opentelemetry-instrumentation-api-1.19.2.jar:/home/rochdane/.m2/repository/io/opentelemetry/opentelemetry-extension-trace-propagators/1.19.0/opentelemetry-extension-trace-propagators-1.19.0.jar:/home/rochdane/.m2/repository/io/opentelemetry/opentelemetry-exporter-zipkin/1.19.0/opentelemetry-exporter-zipkin-1.19.0.jar:/home/rochdane/.m2/repository/io/zipkin/reporter2/zipkin-reporter/2.16.3/zipkin-reporter-2.16.3.jar:/home/rochdane/.m2/repository/io/zipkin/zipkin2/zipkin/2.23.2/zipkin-2.23.2.jar:/home/rochdane/.m2/repository/io/opentelemetry/opentelemetry-exporter-common/1.19.0/opentelemetry-exporter-common-1.19.0.jar:/home/rochdane/.m2/repository/io/zipkin/reporter2/zipkin-sender-okhttp3/2.16.3/zipkin-sender-okhttp3-2.16.3.jar:/home/rochdane/.m2/repository/com/squareup/okhttp3/okhttp/4.10.0/okhttp-4.10.0.jar:/home/rochdane/.m2/repository/com/squareup/okio/okio-jvm/3.0.0/okio-jvm-3.0.0.jar:/home/rochdane/.m2/repository/org/jetbrains/kotlin/kotlin-stdlib-jdk8/1.7.22/kotlin-stdlib-jdk8-1.7.22.jar:/home/rochdane/.m2/repository/org/jetbrains/kotlin/kotlin-stdlib-jdk7/1.7.22/kotlin-stdlib-jdk7-1.7.22.jar:/home/rochdane/.m2/repository/org/jetbrains/kotlin/kotlin-stdlib-common/1.7.22/kotlin-stdlib-common-1.7.22.jar:/home/rochdane/.m2/repository/org/jetbrains/kotlin/kotlin-stdlib/1.7.22/kotlin-stdlib-1.7.22.jar:/home/rochdane/.m2/repository/org/jetbrains/annotations/13.0/annotations-13.0.jar:/home/rochdane/.m2/repository/org/apache/jena/jena-core/4.7.0/jena-core-4.7.0.jar:/home/rochdane/.m2/repository/org/apache/jena/jena-base/4.7.0/jena-base-4.7.0.jar:/home/rochdane/.m2/repository/org/apache/jena/jena-shaded-guava/4.7.0/jena-shaded-guava-4.7.0.jar:/home/rochdane/.m2/repository/org/apache/commons/commons-csv/1.9.0/commons-csv-1.9.0.jar:/home/rochdane/.m2/repository/commons-io/commons-io/2.11.0/commons-io-2.11.0.jar:/home/rochdane/.m2/repository/commons-codec/commons-codec/1.15/commons-codec-1.15.jar:/home/rochdane/.m2/repository/org/apache/commons/commons-compress/1.22/commons-compress-1.22.jar:/home/rochdane/.m2/repository/com/github/andrewoma/dexx/collection/0.7/collection-0.7.jar:/home/rochdane/.m2/repository/org/apache/jena/jena-iri/4.7.0/jena-iri-4.7.0.jar:/home/rochdane/.m2/repository/commons-cli/commons-cli/1.5.0/commons-cli-1.5.0.jar:/home/rochdane/.m2/repository/org/apache/jena/jena-arq/4.7.0/jena-arq-4.7.0.jar:/home/rochdane/.m2/repository/com/github/jsonld-java/jsonld-java/0.13.4/jsonld-java-0.13.4.jar:/home/rochdane/.m2/repository/com/google/code/gson/gson/2.9.1/gson-2.9.1.jar:/home/rochdane/.m2/repository/org/apache/httpcomponents/httpclient-cache/4.5.14/httpclient-cache-4.5.14.jar:/home/rochdane/.m2/repository/org/apache/httpcomponents/httpclient/4.5.14/httpclient-4.5.14.jar:/home/rochdane/.m2/repository/org/apache/httpcomponents/httpcore/4.4.16/httpcore-4.4.16.jar:/home/rochdane/.m2/repository/org/slf4j/jcl-over-slf4j/2.0.7/jcl-over-slf4j-2.0.7.jar:/home/rochdane/.m2/repository/com/fasterxml/jackson/core/jackson-core/2.14.2/jackson-core-2.14.2.jar:/home/rochdane/.m2/repository/com/apicatalog/titanium-json-ld/1.3.1/titanium-json-ld-1.3.1.jar:/home/rochdane/.m2/repository/org/glassfish/jakarta.json/2.0.1/jakarta.json-2.0.1.jar:/home/rochdane/.m2/repository/com/google/protobuf/protobuf-java/3.21.10/protobuf-java-3.21.10.jar:/home/rochdane/.m2/repository/org/apache/thrift/libthrift/0.17.0/libthrift-0.17.0.jar:/home/rochdane/.m2/repository/org/apache/commons/commons-lang3/3.12.0/commons-lang3-3.12.0.jar:"/>
    <property name="sun.cpu.endian" value="little"/>
    <property name="user.home" value="/home/rochdane"/>
    <property name="user.language" value="fr"/>
    <property name="java.specification.vendor" value="Oracle Corporation"/>
    <property name="java.version.date" value="2022-10-18"/>
    <property name="java.home" value="/home/rochdane/.jdks/openjdk-19.0.1"/>
    <property name="file.separator" value="/"/>
    <property name="basedir" value="/home/rochdane/IdeaProjects/WORKSHOP/Project/TFE/intelligent-service"/>
    <property name="java.vm.compressedOopsMode" value="Zero based"/>
    <property name="line.separator" value="&#10;"/>
    <property name="java.specification.name" value="Java Platform API Specification"/>
    <property name="java.vm.specification.vendor" value="Oracle Corporation"/>
    <property name="surefire.real.class.path" value="/home/rochdane/IdeaProjects/WORKSHOP/Project/TFE/intelligent-service/target/surefire/surefirebooter16292219978199616312.jar"/>
    <property name="sun.management.compiler" value="HotSpot 64-Bit Tiered Compilers"/>
    <property name="java.runtime.version" value="19.0.1+10-21"/>
    <property name="user.name" value="rochdane"/>
    <property name="stdout.encoding" value="UTF-8"/>
    <property name="path.separator" value=":"/>
    <property name="os.version" value="5.19.0-46-generic"/>
    <property name="java.runtime.name" value="OpenJDK Runtime Environment"/>
    <property name="file.encoding" value="UTF-8"/>
    <property name="java.vm.name" value="OpenJDK 64-Bit Server VM"/>
    <property name="localRepository" value="/home/rochdane/.m2/repository"/>
    <property name="java.vendor.url.bug" value="https://bugreport.java.com/bugreport/"/>
    <property name="java.io.tmpdir" value="/tmp"/>
    <property name="idea.version" value="2023.2"/>
    <property name="java.version" value="19.0.1"/>
    <property name="user.dir" value="/home/rochdane/IdeaProjects/WORKSHOP/Project/TFE/intelligent-service"/>
    <property name="os.arch" value="amd64"/>
    <property name="SkipTests" value="true"/>
    <property name="java.vm.specification.name" value="Java Virtual Machine Specification"/>
    <property name="native.encoding" value="UTF-8"/>
    <property name="java.library.path" value="/usr/java/packages/lib:/usr/lib64:/lib64:/lib:/usr/lib"/>
    <property name="java.vm.info" value="mixed mode, sharing"/>
    <property name="stderr.encoding" value="UTF-8"/>
    <property name="java.vendor" value="Oracle Corporation"/>
    <property name="java.vm.version" value="19.0.1+10-21"/>
    <property name="sun.io.unicode.encoding" value="UnicodeLittle"/>
    <property name="java.class.version" value="63.0"/>
  </properties>
  <testcase name="contextLoads" classname="com.loga.intelligentservice.IntelligentServiceTests" time="0.895"/>
</testsuite>